#
# A fatal error has been detected by the Java Runtime Environment:
#
#  EXCEPTION_ACCESS_VIOLATION (0xc0000005) at pc=0x0000000063e1b650, pid=10800, tid=0x00000000000028c0
#
# JRE version: OpenJDK Runtime Environment (8.0_202-b03) (build 1.8.0_202-release-1483-b03)
# Java VM: OpenJDK 64-Bit Server VM (25.202-b03 mixed mode windows-amd64 compressed oops)
# Problematic frame:
# V  [jvm.dll+0x8b650]
#
# Failed to write core dump. Minidumps are not enabled by default on client versions of Windows
#
# If you would like to submit a bug report, please visit:
#   http://bugreport.java.com/bugreport/crash.jsp
#

---------------  T H R E A D  ---------------

Current thread (0x00000000024de800):  GCTaskThread [stack: 0x0000000002590000,0x0000000002690000] [id=10432]

siginfo: ExceptionCode=0xc0000005, reading address 0x0000000000000008

Registers:
RAX=0x0000000000000000, RBX=0x00000000e1c3deb0, RCX=0x00000000e1c3deb0, RDX=0x0000000000000000
RSP=0x000000000268faa8, RBP=0x0000000000000000, RSI=0x00000000562b6b80, RDI=0x000000005c491f70
R8 =0x00000000562b6b80, R9 =0x000000000000000a, R10=0x0000000000000008, R11=0x00000000f065e030
R12=0x00000000643a9508, R13=0x0000000000000000, R14=0x0000000000000000, R15=0x00000000024ded00
RIP=0x0000000063e1b650, EFLAGS=0x0000000000010246

Top of Stack: (sp=0x000000000268faa8)
0x000000000268faa8:   000000006415eb82 00000000e3c3ded0
0x000000000268fab8:   0000000000000003 00000000562b6b80
0x000000000268fac8:   000000006415e2bc 00000000f0656040
0x000000000268fad8:   0000000000001000 00000000562b6b80
0x000000000268fae8:   0000000063e7df73 0000000000000000
0x000000000268faf8:   00000000024db401 00000000643a9508
0x000000000268fb08:   000000006415eef0 00000000f065bf34
0x000000000268fb18:   0000000000000000 00000000562b6b80
0x000000000268fb28:   000000005c491f70 00000000f065bf34
0x000000000268fb38:   000000006415f8c5 00000000e3c04a28
0x000000000268fb48:   0000000000000000 00000000562b6b80
0x000000000268fb58:   000000006415ee01 00000000ef5f73d8
0x000000000268fb68:   0000000000000006 00000000562b6b80
0x000000000268fb78:   00000d3c0000183a 0000000000000200
0x000000000268fb88:   00000d3b0000183a 000010c300000e4c
0x000000000268fb98:   0000000063f867f2 00000000024decf0 

Instructions: (pc=0x0000000063e1b650)
0x0000000063e1b630:   7c 5f 1d 00 48 8b 9c 24 c0 00 00 00 48 81 c4 b0
0x0000000063e1b640:   00 00 00 5d c3 cc cc cc cc cc cc cc cc cc cc cc
0x0000000063e1b650:   44 8b 42 08 4c 8b ca 45 85 c0 7e 0e 41 f6 c0 01
0x0000000063e1b660:   75 57 41 c1 f8 03 41 8b c0 c3 79 4d 80 3d fe 47 


Register to memory mapping:

RAX=0x0000000000000000 is an unknown value
RBX=0x00000000e1c3deb0 is an unknown value
RCX=0x00000000e1c3deb0 is an unknown value
RDX=0x0000000000000000 is an unknown value
RSP=0x000000000268faa8 is an unknown value
RBP=0x0000000000000000 is an unknown value
RSI=0x00000000562b6b80 is an unknown value
RDI=0x000000005c491f70 is an unknown value
R8 =0x00000000562b6b80 is an unknown value
R9 =0x000000000000000a is an unknown value
R10=0x0000000000000008 is an unknown value
R11=0x00000000f065e030 is an unknown value
R12=0x00000000643a9508 is an unknown value
R13=0x0000000000000000 is an unknown value
R14=0x0000000000000000 is an unknown value
R15=0x00000000024ded00 is an unknown value


Stack: [0x0000000002590000,0x0000000002690000],  sp=0x000000000268faa8,  free space=1022k
Native frames: (J=compiled Java code, j=interpreted, Vv=VM code, C=native code)


---------------  P R O C E S S  ---------------

Java Threads: ( => current thread )
  0x000000005df78000 JavaThread "Cache worker for execution history cache (C:\Users\student\AndroidStudioProjects\automarket_app\.gradle\5.1.1\executionHistory)" [_thread_blocked, id=10676, stack(0x00000000628b0000,0x00000000629b0000)]
  0x000000005c804800 JavaThread "Execution worker for ':' Thread 3" [_thread_blocked, id=7952, stack(0x00000000626d0000,0x00000000627d0000)]
  0x000000005c804000 JavaThread "Execution worker for ':' Thread 2" [_thread_blocked, id=7380, stack(0x00000000624d0000,0x00000000625d0000)]
  0x000000005c803000 JavaThread "Execution worker for ':'" [_thread_blocked, id=4900, stack(0x00000000622c0000,0x00000000623c0000)]
  0x000000005c801800 JavaThread "Cache worker for file content cache (C:\Users\student\AndroidStudioProjects\automarket_app\.gradle\5.1.1\fileContent)" [_thread_blocked, id=3068, stack(0x00000000603f0000,0x00000000604f0000)]
  0x000000005c91f800 JavaThread "Cache worker for file content cache (C:\Users\student\.gradle\caches\5.1.1\fileContent)" [_thread_blocked, id=7836, stack(0x00000000600e0000,0x00000000601e0000)]
  0x000000005c91e800 JavaThread "Cache worker for Build Output Cleanup Cache (C:\Users\student\AndroidStudioProjects\automarket_app\.gradle\buildOutputCleanup)" [_thread_blocked, id=10040, stack(0x0000000062150000,0x0000000062250000)]
  0x000000005c91e000 JavaThread "pool-2-thread-1" [_thread_blocked, id=8988, stack(0x0000000061df0000,0x0000000061ef0000)]
  0x000000005c91d000 JavaThread "Build operations Thread 4" [_thread_blocked, id=4168, stack(0x0000000060850000,0x0000000060950000)]
  0x000000005c91c800 JavaThread "Build operations Thread 3" [_thread_blocked, id=6356, stack(0x0000000061c10000,0x0000000061d10000)]
  0x000000005c91b000 JavaThread "Build operations Thread 2" [_thread_blocked, id=9080, stack(0x00000000617b0000,0x00000000618b0000)]
  0x000000005c919800 JavaThread "Build operations" [_thread_blocked, id=7068, stack(0x000000005ffe0000,0x00000000600e0000)]
  0x000000005c91a000 JavaThread "Cache worker for cache directory md-rule (C:\Users\student\.gradle\caches\5.1.1\md-rule)" [_thread_blocked, id=8896, stack(0x000000005f770000,0x000000005f870000)]
  0x000000005c91b800 JavaThread "Cache worker for cache directory md-supplier (C:\Users\student\.gradle\caches\5.1.1\md-supplier)" [_thread_blocked, id=2088, stack(0x000000005a800000,0x000000005a900000)]
  0x0000000057ac3000 JavaThread "Cache worker for file hash cache (C:\Users\student\AndroidStudioProjects\automarket_app\.gradle\5.1.1\fileHashes)" [_thread_blocked, id=9404, stack(0x000000005af40000,0x000000005b040000)]
  0x0000000057abb800 JavaThread "Thread-31" [_thread_blocked, id=7864, stack(0x000000005fdb0000,0x000000005feb0000)]
  0x0000000057abc800 JavaThread "Stdin handler" [_thread_blocked, id=6944, stack(0x000000005f660000,0x000000005f760000)]
  0x0000000057ab6800 JavaThread "Asynchronous log dispatcher for DefaultDaemonConnection: socket connection from /127.0.0.1:6104 to /127.0.0.1:6142" [_thread_blocked, id=11224, stack(0x000000005b220000,0x000000005b320000)]
  0x0000000057ac0000 JavaThread "Daemon worker Thread 2" [_thread_blocked, id=3692, stack(0x000000005abc0000,0x000000005acc0000)]
  0x0000000057abf800 JavaThread "Cancel handler" [_thread_blocked, id=9056, stack(0x000000005a5c0000,0x000000005a6c0000)]
  0x0000000057abe800 JavaThread "Handler for socket connection from /127.0.0.1:6104 to /127.0.0.1:6142" [_thread_in_native, id=4296, stack(0x000000005a6c0000,0x000000005a7c0000)]
  0x0000000057ac1000 JavaThread "Daemon Thread 2" [_thread_blocked, id=9568, stack(0x000000005a360000,0x000000005a460000)]
  0x000000005c918800 JavaThread "Memory manager" [_thread_blocked, id=10952, stack(0x0000000060750000,0x0000000060850000)]
  0x0000000057abd000 JavaThread "Cache worker for execution history cache (C:\Users\student\.gradle\caches\5.1.1\executionHistory)" [_thread_blocked, id=8804, stack(0x000000005f890000,0x000000005f990000)]
  0x0000000057ab5800 JavaThread "Cache worker for journal cache (C:\Users\student\.gradle\caches\journal-1)" [_thread_blocked, id=9680, stack(0x000000005b520000,0x000000005b620000)]
  0x0000000058c7e800 JavaThread "File lock request listener" [_thread_in_native, id=10344, stack(0x000000005b340000,0x000000005b440000)]
  0x0000000058c83800 JavaThread "Cache worker for file hash cache (C:\Users\student\.gradle\caches\5.1.1\fileHashes)" [_thread_blocked, id=10532, stack(0x000000005b060000,0x000000005b160000)]
  0x0000000057927000 JavaThread "Daemon periodic checks" [_thread_blocked, id=10524, stack(0x0000000058ec0000,0x0000000058fc0000)]
  0x000000005792a000 JavaThread "Incoming local TCP Connector on port 6104" [_thread_in_native, id=3788, stack(0x000000005a470000,0x000000005a570000)]
  0x0000000057912000 JavaThread "Service Thread" daemon [_thread_blocked, id=676, stack(0x0000000058370000,0x0000000058470000)]
  0x000000005790f000 JavaThread "C1 CompilerThread2" daemon [_thread_blocked, id=9672, stack(0x0000000058180000,0x0000000058280000)]
  0x000000005632f000 JavaThread "C2 CompilerThread1" daemon [_thread_blocked, id=5752, stack(0x0000000057480000,0x0000000057580000)]
  0x000000005632a000 JavaThread "C2 CompilerThread0" daemon [_thread_blocked, id=9728, stack(0x0000000057fc0000,0x00000000580c0000)]
  0x00000000578f8800 JavaThread "Attach Listener" daemon [_thread_blocked, id=10476, stack(0x00000000576c0000,0x00000000577c0000)]
  0x000000005631d000 JavaThread "Signal Dispatcher" daemon [_thread_blocked, id=8712, stack(0x0000000057de0000,0x0000000057ee0000)]
  0x0000000056308800 JavaThread "Finalizer" daemon [_thread_blocked, id=9156, stack(0x00000000577f0000,0x00000000578f0000)]
  0x0000000056301800 JavaThread "Reference Handler" daemon [_thread_blocked, id=9140, stack(0x0000000057590000,0x0000000057690000)]
  0x00000000024c8000 JavaThread "main" [_thread_blocked, id=8828, stack(0x00000000027f0000,0x00000000028f0000)]

Other Threads:
  0x00000000562b9800 VMThread [stack: 0x0000000057340000,0x0000000057440000] [id=10724]
  0x0000000057914800 WatcherThread [stack: 0x0000000058560000,0x0000000058660000] [id=10336]

=>0x00000000024de800 (exited) GCTaskThread [stack: 0x0000000002590000,0x0000000002690000] [id=10432]

VM state:at safepoint (normal execution)

VM Mutex/Monitor currently owned by a thread:  ([mutex/lock_event])
[0x000000000032cd90] Threads_lock - owner thread: 0x00000000562b9800
[0x000000000032d290] Heap_lock - owner thread: 0x000000005c804000

heap address: 0x00000000a0000000, size: 1536 MB, Compressed Oops mode: 32-bit
Narrow klass base: 0x0000000000000000, Narrow klass shift: 0
Compressed class space size: 1073741824 Address: 0x0000000015930000

Heap:
 PSYoungGen      total 277504K, used 257024K [0x00000000e0000000, 0x00000000f2700000, 0x0000000100000000)
  eden space 257024K, 100% used [0x00000000e0000000,0x00000000efb00000,0x00000000efb00000)
  from space 20480K, 0% used [0x00000000f1180000,0x00000000f1180000,0x00000000f2580000)
  to   space 22528K, 58% used [0x00000000efb00000,0x00000000f07c6040,0x00000000f1100000)
 ParOldGen       total 158208K, used 32875K [0x00000000a0000000, 0x00000000a9a80000, 0x00000000e0000000)
  object space 158208K, 20% used [0x00000000a0000000,0x00000000a201ae98,0x00000000a9a80000)
 Metaspace       used 64402K, capacity 66208K, committed 66520K, reserved 1107968K
  class space    used 8407K, capacity 8867K, committed 8960K, reserved 1048576K

Card table byte_map: [0x0000000011cb0000,0x0000000011fc0000] byte_map_base: 0x00000000117b0000

Marking Bits: (ParMarkBitMap*) 0x0000000064559f30
 Begin Bits: [0x0000000012630000, 0x0000000013e30000)
 End Bits:   [0x0000000013e30000, 0x0000000015630000)

Polling page: 0x0000000000130000

CodeCache: size=245760Kb used=23116Kb max_used=23118Kb free=222643Kb
 bounds [0x00000000028f0000, 0x0000000003fb0000, 0x00000000118f0000]
 total_blobs=8221 nmethods=7420 adapters=714
 compilation: enabled

Compilation events (10 events):
Event: 201.950 Thread 0x000000005632f000 nmethod 8357 0x0000000003f9e390 code [0x0000000003f9e500, 0x0000000003f9e908]
Event: 201.954 Thread 0x000000005632a000 8358       4       java.util.AbstractSequentialList::iterator (5 bytes)
Event: 201.957 Thread 0x000000005632a000 nmethod 8358 0x0000000003f9df10 code [0x0000000003f9e060, 0x0000000003f9e1d8]
Event: 201.964 Thread 0x000000005632f000 8359       4       com.google.common.collect.RegularImmutableMap$EntrySet$1::get (64 bytes)
Event: 201.965 Thread 0x000000005632a000 8360       4       java.nio.ByteBuffer::<init> (45 bytes)
Event: 201.967 Thread 0x000000005632f000 nmethod 8359 0x0000000003f9da10 code [0x0000000003f9db60, 0x0000000003f9dd18]
Event: 201.967 Thread 0x000000005632a000 nmethod 8360 0x0000000003f9d3d0 code [0x0000000003f9d520, 0x0000000003f9d738]
Event: 201.968 Thread 0x000000005790f000 8361       3       org.gradle.internal.execution.history.impl.DefaultPreviousExecutionStateSerializer::read (141 bytes)
Event: 201.970 Thread 0x000000005790f000 nmethod 8361 0x0000000003f9f7d0 code [0x0000000003f9fae0, 0x0000000003fa1098]
Event: 201.971 Thread 0x000000005632f000 8362       4       java.util.HashMap$HashIterator::<init> (79 bytes)

GC Heap History (10 events):
Event: 12.555 GC heap after
Heap after GC invocations=7 (full 1):
 PSYoungGen      total 198144K, used 10767K [0x00000000e0000000, 0x00000000eea80000, 0x0000000100000000)
  eden space 182784K, 0% used [0x00000000e0000000,0x00000000e0000000,0x00000000eb280000)
  from space 15360K, 70% used [0x00000000ec180000,0x00000000ecc03c78,0x00000000ed080000)
  to   space 15360K, 0% used [0x00000000eb280000,0x00000000eb280000,0x00000000ec180000)
 ParOldGen       total 72192K, used 18202K [0x00000000a0000000, 0x00000000a4680000, 0x00000000e0000000)
  object space 72192K, 25% used [0x00000000a0000000,0x00000000a11c6b88,0x00000000a4680000)
 Metaspace       used 34601K, capacity 35254K, committed 35416K, reserved 1079296K
  class space    used 4791K, capacity 4976K, committed 4992K, reserved 1048576K
}
Event: 12.555 GC heap before
{Heap before GC invocations=8 (full 2):
 PSYoungGen      total 198144K, used 10767K [0x00000000e0000000, 0x00000000eea80000, 0x0000000100000000)
  eden space 182784K, 0% used [0x00000000e0000000,0x00000000e0000000,0x00000000eb280000)
  from space 15360K, 70% used [0x00000000ec180000,0x00000000ecc03c78,0x00000000ed080000)
  to   space 15360K, 0% used [0x00000000eb280000,0x00000000eb280000,0x00000000ec180000)
 ParOldGen       total 72192K, used 18202K [0x00000000a0000000, 0x00000000a4680000, 0x00000000e0000000)
  object space 72192K, 25% used [0x00000000a0000000,0x00000000a11c6b88,0x00000000a4680000)
 Metaspace       used 34601K, capacity 35254K, committed 35416K, reserved 1079296K
  class space    used 4791K, capacity 4976K, committed 4992K, reserved 1048576K
Event: 12.813 GC heap after
Heap after GC invocations=8 (full 2):
 PSYoungGen      total 198144K, used 0K [0x00000000e0000000, 0x00000000eea80000, 0x0000000100000000)
  eden space 182784K, 0% used [0x00000000e0000000,0x00000000e0000000,0x00000000eb280000)
  from space 15360K, 0% used [0x00000000ec180000,0x00000000ec180000,0x00000000ed080000)
  to   space 15360K, 0% used [0x00000000eb280000,0x00000000eb280000,0x00000000ec180000)
 ParOldGen       total 110592K, used 17627K [0x00000000a0000000, 0x00000000a6c00000, 0x00000000e0000000)
  object space 110592K, 15% used [0x00000000a0000000,0x00000000a1136e10,0x00000000a6c00000)
 Metaspace       used 34598K, capacity 35242K, committed 35416K, reserved 1079296K
  class space    used 4790K, capacity 4974K, committed 4992K, reserved 1048576K
}
Event: 16.395 GC heap before
{Heap before GC invocations=9 (full 2):
 PSYoungGen      total 198144K, used 182784K [0x00000000e0000000, 0x00000000eea80000, 0x0000000100000000)
  eden space 182784K, 100% used [0x00000000e0000000,0x00000000eb280000,0x00000000eb280000)
  from space 15360K, 0% used [0x00000000ec180000,0x00000000ec180000,0x00000000ed080000)
  to   space 15360K, 0% used [0x00000000eb280000,0x00000000eb280000,0x00000000ec180000)
 ParOldGen       total 110592K, used 17627K [0x00000000a0000000, 0x00000000a6c00000, 0x00000000e0000000)
  object space 110592K, 15% used [0x00000000a0000000,0x00000000a1136e10,0x00000000a6c00000)
 Metaspace       used 51464K, capacity 52622K, committed 52824K, reserved 1095680K
  class space    used 6901K, capacity 7202K, committed 7296K, reserved 1048576K
Event: 16.452 GC heap after
Heap after GC invocations=9 (full 2):
 PSYoungGen      total 198144K, used 15354K [0x00000000e0000000, 0x00000000f2580000, 0x0000000100000000)
  eden space 182784K, 0% used [0x00000000e0000000,0x00000000e0000000,0x00000000eb280000)
  from space 15360K, 99% used [0x00000000eb280000,0x00000000ec17eaa8,0x00000000ec180000)
  to   space 20480K, 0% used [0x00000000f1180000,0x00000000f1180000,0x00000000f2580000)
 ParOldGen       total 110592K, used 22234K [0x00000000a0000000, 0x00000000a6c00000, 0x00000000e0000000)
  object space 110592K, 20% used [0x00000000a0000000,0x00000000a15b6a40,0x00000000a6c00000)
 Metaspace       used 51464K, capacity 52622K, committed 52824K, reserved 1095680K
  class space    used 6901K, capacity 7202K, committed 7296K, reserved 1048576K
}
Event: 17.899 GC heap before
{Heap before GC invocations=10 (full 2):
 PSYoungGen      total 198144K, used 98389K [0x00000000e0000000, 0x00000000f2580000, 0x0000000100000000)
  eden space 182784K, 45% used [0x00000000e0000000,0x00000000e5116a08,0x00000000eb280000)
  from space 15360K, 99% used [0x00000000eb280000,0x00000000ec17eaa8,0x00000000ec180000)
  to   space 20480K, 0% used [0x00000000f1180000,0x00000000f1180000,0x00000000f2580000)
 ParOldGen       total 110592K, used 22234K [0x00000000a0000000, 0x00000000a6c00000, 0x00000000e0000000)
  object space 110592K, 20% used [0x00000000a0000000,0x00000000a15b6a40,0x00000000a6c00000)
 Metaspace       used 57518K, capacity 58958K, committed 59028K, reserved 1099776K
  class space    used 7772K, capacity 8160K, committed 8192K, reserved 1048576K
Event: 17.934 GC heap after
Heap after GC invocations=10 (full 2):
 PSYoungGen      total 277504K, used 18637K [0x00000000e0000000, 0x00000000f2700000, 0x0000000100000000)
  eden space 257024K, 0% used [0x00000000e0000000,0x00000000e0000000,0x00000000efb00000)
  from space 20480K, 91% used [0x00000000f1180000,0x00000000f23b35f8,0x00000000f2580000)
  to   space 22528K, 0% used [0x00000000efb00000,0x00000000efb00000,0x00000000f1100000)
 ParOldGen       total 110592K, used 22242K [0x00000000a0000000, 0x00000000a6c00000, 0x00000000e0000000)
  object space 110592K, 20% used [0x00000000a0000000,0x00000000a15b8a40,0x00000000a6c00000)
 Metaspace       used 57518K, capacity 58958K, committed 59028K, reserved 1099776K
  class space    used 7772K, capacity 8160K, committed 8192K, reserved 1048576K
}
Event: 17.934 GC heap before
{Heap before GC invocations=11 (full 3):
 PSYoungGen      total 277504K, used 18637K [0x00000000e0000000, 0x00000000f2700000, 0x0000000100000000)
  eden space 257024K, 0% used [0x00000000e0000000,0x00000000e0000000,0x00000000efb00000)
  from space 20480K, 91% used [0x00000000f1180000,0x00000000f23b35f8,0x00000000f2580000)
  to   space 22528K, 0% used [0x00000000efb00000,0x00000000efb00000,0x00000000f1100000)
 ParOldGen       total 110592K, used 22242K [0x00000000a0000000, 0x00000000a6c00000, 0x00000000e0000000)
  object space 110592K, 20% used [0x00000000a0000000,0x00000000a15b8a40,0x00000000a6c00000)
 Metaspace       used 57518K, capacity 58958K, committed 59028K, reserved 1099776K
  class space    used 7772K, capacity 8160K, committed 8192K, reserved 1048576K
Event: 18.359 GC heap after
Heap after GC invocations=11 (full 3):
 PSYoungGen      total 277504K, used 0K [0x00000000e0000000, 0x00000000f2700000, 0x0000000100000000)
  eden space 257024K, 0% used [0x00000000e0000000,0x00000000e0000000,0x00000000efb00000)
  from space 20480K, 0% used [0x00000000f1180000,0x00000000f1180000,0x00000000f2580000)
  to   space 22528K, 0% used [0x00000000efb00000,0x00000000efb00000,0x00000000f1100000)
 ParOldGen       total 158208K, used 32867K [0x00000000a0000000, 0x00000000a9a80000, 0x00000000e0000000)
  object space 158208K, 20% used [0x00000000a0000000,0x00000000a2018e98,0x00000000a9a80000)
 Metaspace       used 57518K, capacity 58958K, committed 59028K, reserved 1099776K
  class space    used 7772K, capacity 8160K, committed 8192K, reserved 1048576K
}
Event: 201.975 GC heap before
{Heap before GC invocations=12 (full 3):
 PSYoungGen      total 277504K, used 257024K [0x00000000e0000000, 0x00000000f2700000, 0x0000000100000000)
  eden space 257024K, 100% used [0x00000000e0000000,0x00000000efb00000,0x00000000efb00000)
  from space 20480K, 0% used [0x00000000f1180000,0x00000000f1180000,0x00000000f2580000)
  to   space 22528K, 0% used [0x00000000efb00000,0x00000000efb00000,0x00000000f1100000)
 ParOldGen       total 158208K, used 32867K [0x00000000a0000000, 0x00000000a9a80000, 0x00000000e0000000)
  object space 158208K, 20% used [0x00000000a0000000,0x00000000a2018e98,0x00000000a9a80000)
 Metaspace       used 64402K, capacity 66208K, committed 66520K, reserved 1107968K
  class space    used 8407K, capacity 8867K, committed 8960K, reserved 1048576K

Deoptimization events (10 events):
Event: 200.312 Thread 0x000000005c804000 Uncommon trap: reason=bimorphic action=maybe_recompile pc=0x0000000003edb784 method=com.google.common.cache.LocalCache$Segment.getLiveValue(Lcom/google/common/cache/ReferenceEntry;J)Ljava/lang/Object; @ 21
Event: 200.316 Thread 0x000000005c919800 Uncommon trap: reason=bimorphic action=maybe_recompile pc=0x0000000003edb784 method=com.google.common.cache.LocalCache$Segment.getLiveValue(Lcom/google/common/cache/ReferenceEntry;J)Ljava/lang/Object; @ 21
Event: 200.975 Thread 0x000000005c803000 Uncommon trap: reason=class_check action=maybe_recompile pc=0x0000000002a2182c method=java.io.ObjectOutputStream$BlockDataOutputStream.drain()V @ 36
Event: 200.978 Thread 0x000000005c803000 Uncommon trap: reason=class_check action=maybe_recompile pc=0x0000000003f0c458 method=java.io.ObjectOutputStream$BlockDataOutputStream.drain()V @ 36
Event: 200.978 Thread 0x000000005c803000 Uncommon trap: reason=class_check action=maybe_recompile pc=0x0000000003f0c458 method=java.io.ObjectOutputStream$BlockDataOutputStream.drain()V @ 36
Event: 200.978 Thread 0x000000005c803000 Uncommon trap: reason=class_check action=maybe_recompile pc=0x0000000002a2182c method=java.io.ObjectOutputStream$BlockDataOutputStream.drain()V @ 36
Event: 200.979 Thread 0x000000005c803000 Uncommon trap: reason=class_check action=maybe_recompile pc=0x0000000003f0c458 method=java.io.ObjectOutputStream$BlockDataOutputStream.drain()V @ 36
Event: 201.648 Thread 0x0000000057ac0000 Uncommon trap: reason=unstable_if action=reinterpret pc=0x0000000002cf1858 method=java.lang.String.regionMatches(ZILjava/lang/String;II)Z @ 123
Event: 201.901 Thread 0x000000005c803000 Uncommon trap: reason=unstable_if action=reinterpret pc=0x0000000002e00684 method=java.util.concurrent.ConcurrentHashMap.addCount(JI)V @ 97
Event: 201.974 Thread 0x000000005c804000 Uncommon trap: reason=unstable_if action=reinterpret pc=0x0000000003c48874 method=java.util.concurrent.ConcurrentHashMap.addCount(JI)V @ 97

Classes redefined (0 events):
No events

Internal exceptions (10 events):
Event: 198.313 Thread 0x0000000057ac0000 Exception <a 'sun/nio/fs/WindowsException'> (0x00000000e73cdc70) thrown at [D:\src\AOSP-openjdk-cygwin\jdk8u\hotspot\src\share\vm\prims\jni.cpp, line 710]
Event: 198.314 Thread 0x0000000057ac0000 Exception <a 'sun/nio/fs/WindowsException'> (0x00000000e73d0ff0) thrown at [D:\src\AOSP-openjdk-cygwin\jdk8u\hotspot\src\share\vm\prims\jni.cpp, line 710]
Event: 198.314 Thread 0x0000000057ac0000 Exception <a 'sun/nio/fs/WindowsException'> (0x00000000e73d1e48) thrown at [D:\src\AOSP-openjdk-cygwin\jdk8u\hotspot\src\share\vm\prims\jni.cpp, line 710]
Event: 198.314 Thread 0x0000000057ac0000 Exception <a 'sun/nio/fs/WindowsException'> (0x00000000e73d40b8) thrown at [D:\src\AOSP-openjdk-cygwin\jdk8u\hotspot\src\share\vm\prims\jni.cpp, line 710]
Event: 198.314 Thread 0x0000000057ac0000 Exception <a 'sun/nio/fs/WindowsException'> (0x00000000e73d5130) thrown at [D:\src\AOSP-openjdk-cygwin\jdk8u\hotspot\src\share\vm\prims\jni.cpp, line 710]
Event: 198.800 Thread 0x0000000057ac0000 Exception <a 'java/lang/NoSuchMethodError': java.lang.Object.lambda$static$0(Ljava/util/Set;Ljava/util/Set;)Z> (0x00000000e9cd93f0) thrown at [D:\src\AOSP-openjdk-cygwin\jdk8u\hotspot\src\share\vm\interpreter\linkResolver.cpp, line 620]
Event: 198.801 Thread 0x0000000057ac0000 Exception <a 'java/lang/NoSuchMethodError': java.lang.Object.lambda$static$1(Ljava/util/Set;Ljava/util/Set;)Z> (0x00000000e9cdc178) thrown at [D:\src\AOSP-openjdk-cygwin\jdk8u\hotspot\src\share\vm\interpreter\linkResolver.cpp, line 620]
Event: 198.801 Thread 0x0000000057ac0000 Exception <a 'java/lang/NoSuchMethodError': java.lang.Object.lambda$static$2(Ljava/util/Set;Ljava/util/Set;)Z> (0x00000000e9cdead0) thrown at [D:\src\AOSP-openjdk-cygwin\jdk8u\hotspot\src\share\vm\interpreter\linkResolver.cpp, line 620]
Event: 198.802 Thread 0x0000000057ac0000 Exception <a 'java/lang/NoSuchMethodError': java.lang.Object.lambda$static$3(Ljava/util/Set;Ljava/util/Set;)Z> (0x00000000e9ce1428) thrown at [D:\src\AOSP-openjdk-cygwin\jdk8u\hotspot\src\share\vm\interpreter\linkResolver.cpp, line 620]
Event: 200.977 Thread 0x000000005c803000 Exception <a 'java/lang/NoSuchMethodError': <clinit>> (0x00000000edc1b8f0) thrown at [D:\src\AOSP-openjdk-cygwin\jdk8u\hotspot\src\share\vm\prims\jni.cpp, line 1614]

Events (10 events):
Event: 201.867 loading class org/gradle/internal/snapshot/impl/FileSystemSnapshotFilter done
Event: 201.868 loading class org/gradle/internal/snapshot/impl/FileSystemSnapshotFilter$1
Event: 201.868 loading class org/gradle/internal/snapshot/impl/FileSystemSnapshotFilter$1 done
Event: 201.901 Thread 0x000000005c803000 Uncommon trap: trap_request=0xffffff65 fr.pc=0x0000000002e00684
Event: 201.901 Thread 0x000000005c803000 DEOPT PACKING pc=0x0000000002e00684 sp=0x00000000623be4b0
Event: 201.901 Thread 0x000000005c803000 DEOPT UNPACKING pc=0x000000000293557b sp=0x00000000623be3f8 mode 2
Event: 201.974 Thread 0x000000005c804000 Uncommon trap: trap_request=0xffffff65 fr.pc=0x0000000003c48874
Event: 201.974 Thread 0x000000005c804000 DEOPT PACKING pc=0x0000000003c48874 sp=0x00000000625ce2c0
Event: 201.974 Thread 0x000000005c804000 DEOPT UNPACKING pc=0x000000000293557b sp=0x00000000625ce178 mode 2
Event: 201.975 Executing VM operation: ParallelGCFailedAllocation


Dynamic libraries:
0x000000013f570000 - 0x000000013f5a1000 	C:\Program Files\Android\Android Studio\jre\bin\java.exe
0x0000000076f40000 - 0x00000000770df000 	C:\Windows\SYSTEM32\ntdll.dll
0x0000000076d20000 - 0x0000000076e3f000 	C:\Windows\system32\kernel32.dll
0x000007fefcc40000 - 0x000007fefccaa000 	C:\Windows\system32\KERNELBASE.dll
0x000007fefed30000 - 0x000007fefee0b000 	C:\Windows\system32\ADVAPI32.dll
0x000007fefec10000 - 0x000007fefecaf000 	C:\Windows\system32\msvcrt.dll
0x000007feff1e0000 - 0x000007feff1ff000 	C:\Windows\SYSTEM32\sechost.dll
0x000007fefd5a0000 - 0x000007fefd6cc000 	C:\Windows\system32\RPCRT4.dll
0x0000000076e40000 - 0x0000000076f3a000 	C:\Windows\system32\USER32.dll
0x000007fefce50000 - 0x000007fefceb7000 	C:\Windows\system32\GDI32.dll
0x000007fefe700000 - 0x000007fefe70e000 	C:\Windows\system32\LPK.dll
0x000007fefd8a0000 - 0x000007fefd96b000 	C:\Windows\system32\USP10.dll
0x000007fefb4b0000 - 0x000007fefb6a5000 	C:\Windows\WinSxS\amd64_microsoft.windows.common-controls_6595b64144ccf1df_6.0.7601.24380_none_e3731d0b30fb6b11\COMCTL32.dll
0x000007fefee10000 - 0x000007fefee81000 	C:\Windows\system32\SHLWAPI.dll
0x000007feff200000 - 0x000007feff22e000 	C:\Windows\system32\IMM32.DLL
0x000007fefd770000 - 0x000007fefd879000 	C:\Windows\system32\MSCTF.dll
0x00000000654f0000 - 0x00000000655c2000 	C:\Program Files\Android\Android Studio\jre\jre\bin\msvcr100.dll
0x0000000063d90000 - 0x00000000645d6000 	C:\Program Files\Android\Android Studio\jre\jre\bin\server\jvm.dll
0x000007fef9430000 - 0x000007fef9439000 	C:\Windows\system32\WSOCK32.dll
0x000007fefebc0000 - 0x000007fefec0d000 	C:\Windows\system32\WS2_32.dll
0x000007feff0f0000 - 0x000007feff0f8000 	C:\Windows\system32\NSI.dll
0x000007fef9440000 - 0x000007fef947b000 	C:\Windows\system32\WINMM.dll
0x000007fefbb70000 - 0x000007fefbb7c000 	C:\Windows\system32\VERSION.dll
0x00000000770f0000 - 0x00000000770f7000 	C:\Windows\system32\PSAPI.DLL
0x000007fef4030000 - 0x000007fef403f000 	C:\Program Files\Android\Android Studio\jre\jre\bin\verify.dll
0x000007fee6670000 - 0x000007fee6699000 	C:\Program Files\Android\Android Studio\jre\jre\bin\java.dll
0x000007fef11e0000 - 0x000007fef11f6000 	C:\Program Files\Android\Android Studio\jre\jre\bin\zip.dll
0x000007fefd970000 - 0x000007fefe6fa000 	C:\Windows\system32\SHELL32.dll
0x000007fefee90000 - 0x000007feff08f000 	C:\Windows\system32\ole32.dll
0x000007fefcaa0000 - 0x000007fefcaaf000 	C:\Windows\system32\profapi.dll
0x000007fee66d0000 - 0x000007fee66ea000 	C:\Program Files\Android\Android Studio\jre\jre\bin\net.dll
0x000007fefc1d0000 - 0x000007fefc225000 	C:\Windows\system32\mswsock.dll
0x000007fefc1c0000 - 0x000007fefc1c7000 	C:\Windows\System32\wship6.dll
0x000007fee66b0000 - 0x000007fee66c1000 	C:\Program Files\Android\Android Studio\jre\jre\bin\nio.dll
0x000007fef1fe0000 - 0x000007fef1ffe000 	C:\Users\student\.gradle\native\25\windows-amd64\native-platform.dll
0x000007fef6490000 - 0x000007fef649d000 	C:\Program Files\Android\Android Studio\jre\jre\bin\management.dll
0x000007fefc230000 - 0x000007fefc248000 	C:\Windows\system32\CRYPTSP.dll
0x000007fefbf30000 - 0x000007fefbf77000 	C:\Windows\system32\rsaenh.dll
0x000007fefcd10000 - 0x000007fefcd2e000 	C:\Windows\system32\USERENV.dll
0x000007fefc930000 - 0x000007fefc93f000 	C:\Windows\system32\CRYPTBASE.dll
0x000007fefa2a0000 - 0x000007fefa2c7000 	C:\Windows\system32\IPHLPAPI.DLL
0x000007fefa250000 - 0x000007fefa25b000 	C:\Windows\system32\WINNSI.DLL
0x000007fefa0b0000 - 0x000007fefa0c8000 	C:\Windows\system32\dhcpcsvc.DLL
0x000007fef9fd0000 - 0x000007fef9fe1000 	C:\Windows\system32\dhcpcsvc6.DLL
0x000007fef9260000 - 0x000007fef9385000 	C:\Windows\system32\dbghelp.dll

VM Arguments:
jvm_args: -Xmx1536m -Dfile.encoding=x-windows-949 -Duser.country=KR -Duser.language=ko -Duser.variant 
java_command: org.gradle.launcher.daemon.bootstrap.GradleDaemon 5.1.1
java_class_path (initial): C:\Users\student\.gradle\wrapper\dists\gradle-5.1.1-all\97z1ksx6lirer3kbvdnh7jtjg\gradle-5.1.1\lib\gradle-launcher-5.1.1.jar
Launcher Type: SUN_STANDARD

Environment Variables:
JAVA_HOME=C:\Program Files\Java\jdk1.8.0_211
PATH=C:\Oracle_software\product\11.2.0\dbhome_1\bin;C:\Program Files\Java\jdk1.8.0_211\bin;C:\oraclexe\app\oracle\product\11.2.0\server\bin;C:\Program Files (x86)\Common Files\Oracle\Java\javapath;C:\Windows\system32;C:\Windows;C:\Windows\System32\Wbem;C:\Windows\System32\WindowsPowerShell\v1.0\;C:\Program Files\Git\cmd;C:\Users\student\Downloads\openssl-1.0.2s-x64_86-win64;C:\Program Files\Microsoft VS Code\bin;C:\Users\student\AppData\Local\Programs\Python\Python37-32\Scripts\;C:\Users\student\AppData\Local\Programs\Python\Python37-32\;C:\Users\student\AppData\Local\Programs\Python\Python37\Scripts\;C:\Users\student\AppData\Local\Programs\Python\Python37\;C:\Python37\Scripts\;C:\Python37\;C:\Program Files\Bandizip\
USERNAME=student
OS=Windows_NT
PROCESSOR_IDENTIFIER=Intel64 Family 6 Model 23 Stepping 10, GenuineIntel



---------------  S Y S T E M  ---------------

OS: Windows 7 , 64 bit Build 7601 (6.1.7601.24387)

CPU:total 4 (initial active 4) (4 cores per cpu, 1 threads per core) family 6 model 23 stepping 10, cmov, cx8, fxsr, mmx, sse, sse2, sse3, ssse3, sse4.1, tsc

Memory: 4k page, physical 8255728k(2419020k free), swap 16509556k(6774584k free)

vm_info: OpenJDK 64-Bit Server VM (25.202-b03) for windows-amd64 JRE (1.8.0_202-release-1483-b03), built by "builder" with MS VC++ 10.0 (VS2010)

time: Mon Sep 30 17:30:33 2019
timezone: 대한민국 표준시
elapsed time: 202 seconds (0d 0h 3m 22s)

